<?xml version="1.0" encoding="UTF-8"?>
<!-- Generated by org.testng.reporters.JUnitXMLReporter -->
<testsuite ignored="0" hostname="HKs-Dell" failures="2" tests="2" name="Test-2" time="25.349" errors="0" timestamp="2023-06-02T21:04:42 IST">
  <testcase classname="hariKRishna.browserStack.BrowserStack" name="multipleWindowsAndScreenShot" time="7.685">
    <failure type="org.openqa.selenium.NoSuchElementException" message="For documentation on this error, please visit: https://selenium.dev/exceptions/#no_such_element
Build info: version: &amp;apos;4.9.1&amp;apos;, revision: &amp;apos;eb2032df7f&amp;apos;
System info: os.name: &amp;apos;Windows 11&amp;apos;, os.arch: &amp;apos;amd64&amp;apos;, os.version: &amp;apos;10.0&amp;apos;, java.version: &amp;apos;17.0.4.1&amp;apos;
Driver info: org.openqa.selenium.remote.RemoteWebDriver
Command: [e2ad252fa45a0593c8edb90cd8d76cbf538837ec, findElement {using=css selector, value=input[name=&amp;apos;name&amp;apos;]}]
Capabilities {acceptInsecureCerts: false, browserName: Safari, browserVersion: 14.1.2, platformName: mac, safari:automaticInspection: false, safari:automaticProfiling: false, safari:diagnose: false, safari:platformBuildVersion: 20G314, safari:platformVersion: 11.6.2, safari:useSimulator: false, setWindowRect: true, strictFileInteractability: false, webdriver.remote.sessionid: e2ad252fa45a0593c8edb90cd8d..., webkit:WebRTC: {DisableICECandidateFiltering: false, DisableInsecureMediaCapture: false}}
Session ID: e2ad252fa45a0593c8edb90cd8d76cbf538837ec">
      <![CDATA[org.openqa.selenium.NoSuchElementException: For documentation on this error, please visit: https://selenium.dev/exceptions/#no_such_element
Build info: version: '4.9.1', revision: 'eb2032df7f'
System info: os.name: 'Windows 11', os.arch: 'amd64', os.version: '10.0', java.version: '17.0.4.1'
Driver info: org.openqa.selenium.remote.RemoteWebDriver
Command: [e2ad252fa45a0593c8edb90cd8d76cbf538837ec, findElement {using=css selector, value=input[name='name']}]
Capabilities {acceptInsecureCerts: false, browserName: Safari, browserVersion: 14.1.2, platformName: mac, safari:automaticInspection: false, safari:automaticProfiling: false, safari:diagnose: false, safari:platformBuildVersion: 20G314, safari:platformVersion: 11.6.2, safari:useSimulator: false, setWindowRect: true, strictFileInteractability: false, webdriver.remote.sessionid: e2ad252fa45a0593c8edb90cd8d..., webkit:WebRTC: {DisableICECandidateFiltering: false, DisableInsecureMediaCapture: false}}
Session ID: e2ad252fa45a0593c8edb90cd8d76cbf538837ec
at org.openqa.selenium.remote.codec.w3c.W3CHttpResponseCodec.createException(W3CHttpResponseCodec.java:200)
at org.openqa.selenium.remote.codec.w3c.W3CHttpResponseCodec.decode(W3CHttpResponseCodec.java:133)
at org.openqa.selenium.remote.codec.w3c.W3CHttpResponseCodec.decode(W3CHttpResponseCodec.java:53)
at org.openqa.selenium.remote.HttpCommandExecutor.execute(HttpCommandExecutor.java:193)
at org.openqa.selenium.remote.RemoteWebDriver.execute(RemoteWebDriver.java:543)
at org.openqa.selenium.remote.ElementLocation$ElementFinder$2.findElement(ElementLocation.java:162)
at org.openqa.selenium.remote.ElementLocation.findElement(ElementLocation.java:60)
at org.openqa.selenium.remote.RemoteWebDriver.findElement(RemoteWebDriver.java:352)
at org.openqa.selenium.remote.RemoteWebDriver.findElement(RemoteWebDriver.java:344)
at org.openqa.selenium.remote.RemoteWebDriver.findElement(RemoteWebDriver.java)
at hariKRishna.browserStack.BrowserStack.multipleWindowsAndScreenShot(BrowserStack.java:52)
at java.base/java.util.concurrent.ThreadPoolExecutor.runWorker(ThreadPoolExecutor.java:1136)
at java.base/java.util.concurrent.ThreadPoolExecutor$Worker.run(ThreadPoolExecutor.java:635)
at java.base/java.lang.Thread.run(Thread.java:833)
... Removed 17 stack frames]]>
    </failure>
  </testcase> <!-- multipleWindowsAndScreenShot -->
  <testcase classname="hariKRishna.browserStack.BrowserStack" name="alerts" time="7.379">
    <failure type="org.openqa.selenium.InvalidArgumentException" message="Encountered invalid &amp;apos;type&amp;apos; and &amp;apos;pointerType&amp;apos; combination in payload: {
    actions =     (
                {
            deltaX = 0;
            deltaY = 0;
            duration = 250;
            origin =             {
                &amp;quot;element-6066-11e4-a52e-4f735466cecf&amp;quot; = &amp;quot;node-E0ED71CB-9A55-4472-8AFB-C0C68A02AC1E&amp;quot;;
            };
            type = scroll;
            x = 0;
            y = 0;
        }
    );
    id = &amp;quot;default wheel&amp;quot;;
    type = wheel;
}
Build info: version: &amp;apos;4.9.1&amp;apos;, revision: &amp;apos;eb2032df7f&amp;apos;
System info: os.name: &amp;apos;Windows 11&amp;apos;, os.arch: &amp;apos;amd64&amp;apos;, os.version: &amp;apos;10.0&amp;apos;, java.version: &amp;apos;17.0.4.1&amp;apos;
Driver info: org.openqa.selenium.remote.RemoteWebDriver
Command: [4a2a5822f0ffe8f3d05d937dde969561627f6a2b, actions {actions=[org.openqa.selenium.interactions.Sequence@57b7f27f]}]
Capabilities {acceptInsecureCerts: false, browserName: Safari, browserVersion: 14.1.2, platformName: mac, safari:automaticInspection: false, safari:automaticProfiling: false, safari:diagnose: false, safari:platformBuildVersion: 20G314, safari:platformVersion: 11.6.2, safari:useSimulator: false, setWindowRect: true, strictFileInteractability: false, webdriver.remote.sessionid: 4a2a5822f0ffe8f3d05d937dde9..., webkit:WebRTC: {DisableICECandidateFiltering: false, DisableInsecureMediaCapture: false}}
Session ID: 4a2a5822f0ffe8f3d05d937dde969561627f6a2b">
      <![CDATA[org.openqa.selenium.InvalidArgumentException: Encountered invalid 'type' and 'pointerType' combination in payload: {
    actions =     (
                {
            deltaX = 0;
            deltaY = 0;
            duration = 250;
            origin =             {
                "element-6066-11e4-a52e-4f735466cecf" = "node-E0ED71CB-9A55-4472-8AFB-C0C68A02AC1E";
            };
            type = scroll;
            x = 0;
            y = 0;
        }
    );
    id = "default wheel";
    type = wheel;
}
Build info: version: '4.9.1', revision: 'eb2032df7f'
System info: os.name: 'Windows 11', os.arch: 'amd64', os.version: '10.0', java.version: '17.0.4.1'
Driver info: org.openqa.selenium.remote.RemoteWebDriver
Command: [4a2a5822f0ffe8f3d05d937dde969561627f6a2b, actions {actions=[org.openqa.selenium.interactions.Sequence@57b7f27f]}]
Capabilities {acceptInsecureCerts: false, browserName: Safari, browserVersion: 14.1.2, platformName: mac, safari:automaticInspection: false, safari:automaticProfiling: false, safari:diagnose: false, safari:platformBuildVersion: 20G314, safari:platformVersion: 11.6.2, safari:useSimulator: false, setWindowRect: true, strictFileInteractability: false, webdriver.remote.sessionid: 4a2a5822f0ffe8f3d05d937dde9..., webkit:WebRTC: {DisableICECandidateFiltering: false, DisableInsecureMediaCapture: false}}
Session ID: 4a2a5822f0ffe8f3d05d937dde969561627f6a2b
at org.openqa.selenium.remote.codec.w3c.W3CHttpResponseCodec.createException(W3CHttpResponseCodec.java:200)
at org.openqa.selenium.remote.codec.w3c.W3CHttpResponseCodec.decode(W3CHttpResponseCodec.java:133)
at org.openqa.selenium.remote.codec.w3c.W3CHttpResponseCodec.decode(W3CHttpResponseCodec.java:53)
at org.openqa.selenium.remote.HttpCommandExecutor.execute(HttpCommandExecutor.java:193)
at org.openqa.selenium.remote.RemoteWebDriver.execute(RemoteWebDriver.java:543)
at org.openqa.selenium.remote.RemoteWebDriver.perform(RemoteWebDriver.java:611)
at org.openqa.selenium.interactions.Actions$BuiltAction.perform(Actions.java:567)
at hariKRishna.browserStack.BrowserStack.alerts(BrowserStack.java:78)
at java.base/java.util.concurrent.ThreadPoolExecutor.runWorker(ThreadPoolExecutor.java:1136)
at java.base/java.util.concurrent.ThreadPoolExecutor$Worker.run(ThreadPoolExecutor.java:635)
at java.base/java.lang.Thread.run(Thread.java:833)
... Removed 17 stack frames]]>
    </failure>
  </testcase> <!-- alerts -->
</testsuite> <!-- Test-2 -->
