<?xml version="1.0" encoding="UTF-8"?>
<!-- Generated by org.testng.reporters.JUnitXMLReporter -->
<testsuite ignored="0" hostname="HKs-Dell" failures="1" tests="2" name="Test-1" time="38.408" errors="0" timestamp="2023-06-02T21:04:55 IST">
  <testcase classname="hariKRishna.browserStack.BrowserStack" name="@AfterMethod close" time="0.228">
    <failure type="org.openqa.selenium.NoSuchWindowException" message="Browsing context has been discarded
Build info: version: &amp;apos;4.9.1&amp;apos;, revision: &amp;apos;eb2032df7f&amp;apos;
System info: os.name: &amp;apos;Windows 11&amp;apos;, os.arch: &amp;apos;amd64&amp;apos;, os.version: &amp;apos;10.0&amp;apos;, java.version: &amp;apos;17.0.4.1&amp;apos;
Driver info: org.openqa.selenium.remote.RemoteWebDriver
Command: [44fb0bcfdf490eaeb7f1f394eed6735e73a9faea, close {}]
Capabilities {acceptInsecureCerts: false, browserName: firefox, browserVersion: 102.0, moz:accessibilityChecks: false, moz:buildID: 20220623063721, moz:geckodriverVersion: 0.33.0, moz:headless: false, moz:processID: 9852, moz:profile: C:\Windows\proxy\rust_mozpr..., moz:shutdownTimeout: 60000, moz:useNonSpecCompliantPointerOrigin: false, moz:webdriverClick: true, moz:windowless: false, pageLoadStrategy: normal, platformName: windows, platformVersion: 10.0, proxy: Proxy(), setWindowRect: true, strictFileInteractability: false, timeouts: {implicit: 0, pageLoad: 300000, script: 30000}, unhandledPromptBehavior: dismiss and notify, webdriver.remote.sessionid: 44fb0bcfdf490eaeb7f1f394eed...}
Session ID: 44fb0bcfdf490eaeb7f1f394eed6735e73a9faea">
      <![CDATA[org.openqa.selenium.NoSuchWindowException: Browsing context has been discarded
Build info: version: '4.9.1', revision: 'eb2032df7f'
System info: os.name: 'Windows 11', os.arch: 'amd64', os.version: '10.0', java.version: '17.0.4.1'
Driver info: org.openqa.selenium.remote.RemoteWebDriver
Command: [44fb0bcfdf490eaeb7f1f394eed6735e73a9faea, close {}]
Capabilities {acceptInsecureCerts: false, browserName: firefox, browserVersion: 102.0, moz:accessibilityChecks: false, moz:buildID: 20220623063721, moz:geckodriverVersion: 0.33.0, moz:headless: false, moz:processID: 9852, moz:profile: C:\Windows\proxy\rust_mozpr..., moz:shutdownTimeout: 60000, moz:useNonSpecCompliantPointerOrigin: false, moz:webdriverClick: true, moz:windowless: false, pageLoadStrategy: normal, platformName: windows, platformVersion: 10.0, proxy: Proxy(), setWindowRect: true, strictFileInteractability: false, timeouts: {implicit: 0, pageLoad: 300000, script: 30000}, unhandledPromptBehavior: dismiss and notify, webdriver.remote.sessionid: 44fb0bcfdf490eaeb7f1f394eed...}
Session ID: 44fb0bcfdf490eaeb7f1f394eed6735e73a9faea
at org.openqa.selenium.remote.codec.w3c.W3CHttpResponseCodec.createException(W3CHttpResponseCodec.java:200)
at org.openqa.selenium.remote.codec.w3c.W3CHttpResponseCodec.decode(W3CHttpResponseCodec.java:133)
at org.openqa.selenium.remote.codec.w3c.W3CHttpResponseCodec.decode(W3CHttpResponseCodec.java:53)
at org.openqa.selenium.remote.HttpCommandExecutor.execute(HttpCommandExecutor.java:193)
at org.openqa.selenium.remote.RemoteWebDriver.execute(RemoteWebDriver.java:543)
at org.openqa.selenium.remote.RemoteWebDriver.execute(RemoteWebDriver.java:598)
at org.openqa.selenium.remote.RemoteWebDriver.execute(RemoteWebDriver.java:602)
at org.openqa.selenium.remote.RemoteWebDriver.close(RemoteWebDriver.java:419)
at org.openqa.selenium.remote.RemoteWebDriver.close(RemoteWebDriver.java)
at hariKRishna.browserStack.BrowserStack.close(BrowserStack.java:38)
at java.base/java.util.concurrent.ThreadPoolExecutor.runWorker(ThreadPoolExecutor.java:1136)
at java.base/java.util.concurrent.ThreadPoolExecutor$Worker.run(ThreadPoolExecutor.java:635)
at java.base/java.lang.Thread.run(Thread.java:833)
... Removed 22 stack frames]]>
    </failure>
  </testcase> <!-- @AfterMethod close -->
  <testcase classname="hariKRishna.browserStack.BrowserStack" name="@AfterMethod close" time="-1.685720093271E9">
    <skipped/>
  </testcase> <!-- @AfterMethod close -->
  <testcase classname="hariKRishna.browserStack.BrowserStack" name="multipleWindowsAndScreenShot" time="12.92"/>
  <testcase classname="hariKRishna.browserStack.BrowserStack" name="alerts" time="9.985">
    <failure type="org.openqa.selenium.InvalidArgumentException" message="Unknown action type: [object String] &amp;quot;wheel&amp;quot;
Build info: version: &amp;apos;4.9.1&amp;apos;, revision: &amp;apos;eb2032df7f&amp;apos;
System info: os.name: &amp;apos;Windows 11&amp;apos;, os.arch: &amp;apos;amd64&amp;apos;, os.version: &amp;apos;10.0&amp;apos;, java.version: &amp;apos;17.0.4.1&amp;apos;
Driver info: org.openqa.selenium.remote.RemoteWebDriver
Command: [5ec5a54b4915e30672f657bceb48c1ea4b88b529, actions {actions=[org.openqa.selenium.interactions.Sequence@15750080]}]
Capabilities {acceptInsecureCerts: false, browserName: firefox, browserVersion: 102.0, moz:accessibilityChecks: false, moz:buildID: 20220623063721, moz:geckodriverVersion: 0.33.0, moz:headless: false, moz:processID: 1696, moz:profile: C:\Windows\proxy\rust_mozpr..., moz:shutdownTimeout: 60000, moz:useNonSpecCompliantPointerOrigin: false, moz:webdriverClick: true, moz:windowless: false, pageLoadStrategy: normal, platformName: windows, platformVersion: 10.0, proxy: Proxy(), setWindowRect: true, strictFileInteractability: false, timeouts: {implicit: 0, pageLoad: 300000, script: 30000}, unhandledPromptBehavior: dismiss and notify, webdriver.remote.sessionid: 5ec5a54b4915e30672f657bceb4...}
Session ID: 5ec5a54b4915e30672f657bceb48c1ea4b88b529">
      <![CDATA[org.openqa.selenium.InvalidArgumentException: Unknown action type: [object String] "wheel"
Build info: version: '4.9.1', revision: 'eb2032df7f'
System info: os.name: 'Windows 11', os.arch: 'amd64', os.version: '10.0', java.version: '17.0.4.1'
Driver info: org.openqa.selenium.remote.RemoteWebDriver
Command: [5ec5a54b4915e30672f657bceb48c1ea4b88b529, actions {actions=[org.openqa.selenium.interactions.Sequence@15750080]}]
Capabilities {acceptInsecureCerts: false, browserName: firefox, browserVersion: 102.0, moz:accessibilityChecks: false, moz:buildID: 20220623063721, moz:geckodriverVersion: 0.33.0, moz:headless: false, moz:processID: 1696, moz:profile: C:\Windows\proxy\rust_mozpr..., moz:shutdownTimeout: 60000, moz:useNonSpecCompliantPointerOrigin: false, moz:webdriverClick: true, moz:windowless: false, pageLoadStrategy: normal, platformName: windows, platformVersion: 10.0, proxy: Proxy(), setWindowRect: true, strictFileInteractability: false, timeouts: {implicit: 0, pageLoad: 300000, script: 30000}, unhandledPromptBehavior: dismiss and notify, webdriver.remote.sessionid: 5ec5a54b4915e30672f657bceb4...}
Session ID: 5ec5a54b4915e30672f657bceb48c1ea4b88b529
at org.openqa.selenium.remote.codec.w3c.W3CHttpResponseCodec.createException(W3CHttpResponseCodec.java:200)
at org.openqa.selenium.remote.codec.w3c.W3CHttpResponseCodec.decode(W3CHttpResponseCodec.java:133)
at org.openqa.selenium.remote.codec.w3c.W3CHttpResponseCodec.decode(W3CHttpResponseCodec.java:53)
at org.openqa.selenium.remote.HttpCommandExecutor.execute(HttpCommandExecutor.java:193)
at org.openqa.selenium.remote.RemoteWebDriver.execute(RemoteWebDriver.java:543)
at org.openqa.selenium.remote.RemoteWebDriver.perform(RemoteWebDriver.java:611)
at org.openqa.selenium.interactions.Actions$BuiltAction.perform(Actions.java:567)
at hariKRishna.browserStack.BrowserStack.alerts(BrowserStack.java:78)
at java.base/java.util.concurrent.ThreadPoolExecutor.runWorker(ThreadPoolExecutor.java:1136)
at java.base/java.util.concurrent.ThreadPoolExecutor$Worker.run(ThreadPoolExecutor.java:635)
at java.base/java.lang.Thread.run(Thread.java:833)
... Removed 17 stack frames]]>
    </failure>
  </testcase> <!-- alerts -->
</testsuite> <!-- Test-1 -->
