<?xml version="1.0" encoding="UTF-8"?>
<!-- Generated by org.testng.reporters.JUnitReportReporter -->
<testsuite hostname="HKs-Dell" failures="0" tests="1" name="hariKRishna.Autoit.AutoIt" time="22.270" errors="0" timestamp="2023-06-02T20:33:34 IST" skipped="0">
  <testcase classname="hariKRishna.Autoit.AutoIt" name="getIt" time="22.270"/>
  <system-out/>
</testsuite> <!-- hariKRishna.Autoit.AutoIt -->
