<?xml version="1.0" encoding="UTF-8"?>
<!-- Generated by org.testng.reporters.JUnitReportReporter -->
<testsuite hostname="HKs-Dell" failures="0" tests="1" name="hariKRishna.Autoit.AutoIt" time="25.876" errors="0" timestamp="2023-06-02T20:39:00 IST" skipped="0">
  <testcase classname="hariKRishna.Autoit.AutoIt" name="getIt" time="25.876"/>
  <system-out/>
</testsuite> <!-- hariKRishna.Autoit.AutoIt -->
